Running AIMS in .//-8percent at Wed  5 Feb 13:55:58 GMT 2025
Running AIMS in .//-8percent at Wed  5 Feb 13:57:32 GMT 2025
Running AIMS in .//-8percent at Wed  5 Feb 15:14:10 GMT 2025
Directory not found: .//-7percent
Directory not found: .//-6percent
Directory not found: .//-5percent
Directory not found: .//-4percent
Directory not found: .//-3percent
Directory not found: .//-2percent
Directory not found: .//-1percent
Directory not found: .//+0percent
Directory not found: .//+1percent
Directory not found: .//+2percent
Directory not found: .//+3percent
Directory not found: .//+4percent
Directory not found: .//+5percent
Directory not found: .//+6percent
Directory not found: .//+7percent
Directory not found: .//+8percent
All AIMS calculations completed at Wed  5 Feb 15:54:18 GMT 2025
Running AIMS in ./-8percent at Wed  5 Feb 17:04:03 GMT 2025
Directory not found: ./-7percent
Directory not found: ./-6percent
Directory not found: ./-5percent
Directory not found: ./-4percent
Directory not found: ./-3percent
Directory not found: ./-2percent
Directory not found: ./-1percent
Directory not found: ./+0percent
Directory not found: ./+1percent
Directory not found: ./+2percent
Directory not found: ./+3percent
Directory not found: ./+4percent
Directory not found: ./+5percent
Directory not found: ./+6percent
Directory not found: ./+7percent
Directory not found: ./+8percent
All AIMS calculations completed at Wed  5 Feb 17:44:11 GMT 2025
Running AIMS in /home/UNN/w21009716/Strained_Geometry_Band_Structure/-8percent at Wed  5 Feb 18:01:22 GMT 2025
